[debug] [2023-05-16T17:00:50.740Z] ----------------------------------------------------------------------
[debug] [2023-05-16T17:00:50.742Z] Command:       C:\Program Files\nodejs\node.exe C:\Users\ADMIN USER\AppData\Roaming\npm\node_modules\firebase-tools\lib\bin\firebase.js init
[debug] [2023-05-16T17:00:50.743Z] CLI Version:   12.0.0
[debug] [2023-05-16T17:00:50.743Z] Platform:      win32
[debug] [2023-05-16T17:00:50.743Z] Node Version:  v18.16.0
[debug] [2023-05-16T17:00:50.744Z] Time:          Tue May 16 2023 12:00:50 GMT-0500 (hora estándar de Colombia)
[debug] [2023-05-16T17:00:50.745Z] ----------------------------------------------------------------------
[debug] 
[debug] [2023-05-16T17:00:50.755Z] > command requires scopes: ["email","openid","https://www.googleapis.com/auth/cloudplatformprojects.readonly","https://www.googleapis.com/auth/firebase","https://www.googleapis.com/auth/cloud-platform"]
[debug] [2023-05-16T17:00:50.756Z] > authorizing via signed-in user (yobanyvicentes@gmail.com)
[info] 
     ######## #### ########  ######## ########     ###     ######  ########
     ##        ##  ##     ## ##       ##     ##  ##   ##  ##       ##
     ######    ##  ########  ######   ########  #########  ######  ######
     ##        ##  ##    ##  ##       ##     ## ##     ##       ## ##
     ##       #### ##     ## ######## ########  ##     ##  ######  ########

You're about to initialize a Firebase project in this directory:

  C:\Users\ADMIN USER\OneDrive - Universidad de La Salle\IU DIGITAL\INGENIERIA DE SOFTWARE\SEGUNDA NOTA\front_dos

[info] 
=== Project Setup
[info] 
[info] First, let's associate this project directory with a Firebase project.
[info] You can create multiple project aliases by running firebase use --add, 
[info] but for now we'll just set up a default project.
[info] 
[debug] [2023-05-16T17:03:30.761Z] >>> [apiv2][query] GET https://firebase.googleapis.com/v1beta1/projects pageSize=100
[debug] [2023-05-16T17:03:31.616Z] <<< [apiv2][status] GET https://firebase.googleapis.com/v1beta1/projects 200
[debug] [2023-05-16T17:03:31.617Z] <<< [apiv2][body] GET https://firebase.googleapis.com/v1beta1/projects [omitted]
[info] i  Using project inventarios-front (inventarios-front) 
[info] 
=== Hosting Setup
[info] 
[info] Your public directory is the folder (relative to your project directory) that
[info] will contain Hosting assets to be uploaded with firebase deploy. If you
[info] have a build process for your assets, use your build's output directory.
[info] 
[debug] [2023-05-16T17:05:55.849Z] >>> [apiv2][query] GET https://www.gstatic.com/firebasejs/releases.json [none]
[debug] [2023-05-16T17:05:56.024Z] <<< [apiv2][status] GET https://www.gstatic.com/firebasejs/releases.json 200
[debug] [2023-05-16T17:05:56.024Z] <<< [apiv2][body] GET https://www.gstatic.com/firebasejs/releases.json {"current":{"version":"9.22.0","browserURL":"https://www.gstatic.com/firebasejs/9.22.0/firebase.js","packageURL":"https://www.gstatic.com/firebasejs/9.22.0/firebase.tgz"},"live":{"version":"9.22","browserURL":"https://www.gstatic.com/firebasejs/live/9.22/firebase.js","packageURL":"https://www.gstatic.com/firebasejs/live/9.22/firebase.tgz"},"components":{"analytics":"https://www.gstatic.com/firebasejs/9.22.0/firebase-analytics.js","app":"https://www.gstatic.com/firebasejs/9.22.0/firebase-app.js","app-check":"https://www.gstatic.com/firebasejs/9.22.0/firebase-app-check.js","auth":"https://www.gstatic.com/firebasejs/9.22.0/firebase-auth.js","auth/cordova":"https://www.gstatic.com/firebasejs/9.22.0/firebase-auth/cordova.js","auth/react-native":"https://www.gstatic.com/firebasejs/9.22.0/firebase-auth/react-native.js","functions":"https://www.gstatic.com/firebasejs/9.22.0/firebase-functions.js","firestore":"https://www.gstatic.com/firebasejs/9.22.0/firebase-firestore.js","firestore/lite":"https://www.gstatic.com/firebasejs/9.22.0/firebase-firestore/lite.js","installations":"https://www.gstatic.com/firebasejs/9.22.0/firebase-installations.js","storage":"https://www.gstatic.com/firebasejs/9.22.0/firebase-storage.js","performance":"https://www.gstatic.com/firebasejs/9.22.0/firebase-performance.js","remote-config":"https://www.gstatic.com/firebasejs/9.22.0/firebase-remote-config.js","messaging":"https://www.gstatic.com/firebasejs/9.22.0/firebase-messaging.js","messaging/sw":"https://www.gstatic.com/firebasejs/9.22.0/firebase-messaging/sw.js","database":"https://www.gstatic.com/firebasejs/9.22.0/firebase-database.js","firestore.memory":"https://www.gstatic.com/firebasejs/9.22.0/firebase-firestore.memory.js"}}
[info] +  Wrote .//index.html 
[info] 
[info] i  Detected a .git folder at C:\Users\ADMIN USER\OneDrive - Universidad de La Salle\IU DIGITAL\INGENIERIA DE SOFTWARE\SEGUNDA NOTA\front_dos 
[info] i  Authorizing with GitHub to upload your service account to a GitHub repository's secrets store. 
[info] 
[info] Visit this URL on this device to log in:
[info] https://github.com/login/oauth/authorize?client_id=89cf50f02ac6aaed3484&state=1070907978&redirect_uri=http%3A%2F%2Flocalhost%3A9005&scope=read%3Auser%20repo%20public_repo
[info] 
[info] Waiting for authentication...
[debug] [2023-05-16T17:06:25.217Z] >>> [apiv2][query] POST https://github.com/login/oauth/access_token [none]
[debug] [2023-05-16T17:06:25.218Z] >>> [apiv2][body] POST https://github.com/login/oauth/access_token [stream]
[debug] [2023-05-16T17:06:25.707Z] <<< [apiv2][status] POST https://github.com/login/oauth/access_token 200
[debug] [2023-05-16T17:06:25.708Z] <<< [apiv2][body] POST https://github.com/login/oauth/access_token {"access_token":"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","token_type":"bearer","scope":"read:user,repo"}
[debug] [2023-05-16T17:06:25.760Z] >>> [apiv2][query] GET https://api.github.com/user [none]
[debug] [2023-05-16T17:06:26.223Z] <<< [apiv2][status] GET https://api.github.com/user 200
[debug] [2023-05-16T17:06:26.224Z] <<< [apiv2][body] GET https://api.github.com/user {"login":"yobanyvicentes","id":112332831,"node_id":"U_kgDOBrIQHw","avatar_url":"https://avatars.githubusercontent.com/u/112332831?v=4","gravatar_id":"","url":"https://api.github.com/users/yobanyvicentes","html_url":"https://github.com/yobanyvicentes","followers_url":"https://api.github.com/users/yobanyvicentes/followers","following_url":"https://api.github.com/users/yobanyvicentes/following{/other_user}","gists_url":"https://api.github.com/users/yobanyvicentes/gists{/gist_id}","starred_url":"https://api.github.com/users/yobanyvicentes/starred{/owner}{/repo}","subscriptions_url":"https://api.github.com/users/yobanyvicentes/subscriptions","organizations_url":"https://api.github.com/users/yobanyvicentes/orgs","repos_url":"https://api.github.com/users/yobanyvicentes/repos","events_url":"https://api.github.com/users/yobanyvicentes/events{/privacy}","received_events_url":"https://api.github.com/users/yobanyvicentes/received_events","type":"User","site_admin":false,"name":"Yobany Vicentes","company":null,"blog":"","location":"Colombia","email":null,"hireable":null,"bio":null,"twitter_username":null,"public_repos":5,"public_gists":0,"followers":0,"following":0,"created_at":"2022-08-28T14:51:36Z","updated_at":"2022-11-16T19:32:24Z","private_gists":0,"total_private_repos":0,"owned_private_repos":0,"disk_usage":15479,"collaborators":0,"two_factor_authentication":false,"plan":{"name":"free","space":976562499,"collaborators":0,"private_repos":10000}}
[info] 
[info] +  Success! Logged into GitHub as yobanyvicentes 
[info] 
